
=== Fri Mar 27 22:49:39 2020

Packages were changed.
Update Mode: mergeDefaultDependencies

The following packages were added:
  com.unity.package-manager-ui@2.2.0
  com.unity.ext.nunit@1.0.0
  com.unity.test-framework@1.0.13
  com.unity.ide.vscode@1.1.0
  com.unity.ide.rider@1.1.0
  com.unity.ugui@1.0.0
  com.unity.modules.androidjni@1.0.0
The following packages were updated:
  com.unity.collab-proxy from version 1.2.9 to 1.2.16
  com.unity.textmeshpro from version 2.0.0 to 2.0.1
  com.unity.timeline from version 0.0.0-builtin to 1.1.0

=== Tue Mar 31 14:44:18 2020

Packages were changed.
Update Mode: updateDependencies

The following packages were updated:
  com.unity.test-framework from version 1.0.18 to 1.1.9
  com.unity.timeline from version 1.1.0 to 1.2.10
The following packages were removed:
  com.unity.package-manager-ui@2.2.0

=== Tue Mar 31 15:08:00 2020

Packages were changed.
Update Mode: resetToDefaultDependencies

The following packages were added:
  com.unity.ide.rider@1.1.4
The following packages were updated:
  com.unity.test-framework from version 1.1.13 to 1.1.9
The following packages were removed:
  com.unity.2d.sprite@1.0.0
  com.unity.2d.tilemap@1.0.0
  com.unity.burst@1.3.0-preview.8
  com.unity.collections@0.7.0-preview.2
  com.unity.entities@0.8.0-preview.8
  com.unity.ext.nunit@1.0.0
  com.unity.physics@0.3.1-preview
  com.unity.platforms@0.2.2-preview.8
  com.unity.platforms.windows@0.2.2-preview.9
  com.unity.rendering.hybrid@0.4.0-preview.8
